// 同步 ID: bd765389 @ Sun Jul  5 09:04:06 UTC 2026
// 同步 ID: e7abc9f7 @ Wed Jul  8 09:26:50 UTC 2026
// 重构日志: 0601437d
// 重构日志: a745ed56
// 重构日志: 2fe1710b
// 重构日志: 3220aef3
// 重构日志: 18616ff8
// 重构日志: ba81ad02
// 同步 ID: 54c64cbf @ Sat Jul 11 15:35:00 UTC 2026
// 重构日志: 5913424e
// 同步 ID: 298d5258 @ Mon Jul 13 13:42:15 UTC 2026
// 重构日志: 34562d49
// 重构日志: dcb89772
// 同步 ID: 7418ded6 @ Tue Jul 14 09:47:39 UTC 2026
// 同步 ID: c8bb2b41 @ Tue Jul 14 14:47:19 UTC 2026
// 同步 ID: 86fd87cc @ Wed Jul 15 03:25:36 UTC 2026
// 重构日志: 38b0fdd6
// 同步 ID: 1de1d888 @ Thu Jul 16 07:00:59 UTC 2026
// 同步 ID: 9cc9998b @ Thu Jul 16 12:11:02 UTC 2026
// 重构日志: 2993dd81
// 重构日志: 0dd44c89
// 重构日志: 272efafd
// 重构日志: 34696ee1
// 重构日志: c779567c
// 重构日志: 97c92835
// 重构日志: a90230fa
// 重构日志: 668df9f3
// 同步 ID: 20e02397 @ Sat Jul 18 22:00:06 UTC 2026
// 重构日志: 0694ca97
// 同步 ID: a88df4ed @ Sun Jul 19 15:27:33 UTC 2026
